23:45:17.679 [main] INFO  org.testng.internal.Utils - [TestNG] Running:
  C:\Users\IMT - Teilnehmer\AppData\Local\JetBrains\IdeaIC2023.3\temp-testng-customsuite.xml

23:45:17.773 [main] INFO  com.tabakshop.tests.TestBase - Start test: negativeRegistrationWithWrongConfirmPassword
23:45:20.022 [main] INFO  com.tabakshop.utils.MyListener - Before navigate to URL --> https://smoke-shop-68y5q.ondigitalocean.app/
23:45:20.140 [main] INFO  com.tabakshop.utils.MyListener - After navigate to URL --> https://smoke-shop-68y5q.ondigitalocean.app/
23:45:20.172 [main] INFO  com.tabakshop.utils.MyListener - Before find element ->By.xpath: //a[@class='_navLink_1ngku_35'][2]
23:45:20.321 [main] INFO  com.tabakshop.utils.MyListener - After find element ->By.xpath: //a[@class='_navLink_1ngku_35'][2]
23:45:20.905 [main] INFO  com.tabakshop.utils.MyListener - Before find element ->By.id: email
23:45:20.936 [main] INFO  com.tabakshop.utils.MyListener - After find element ->By.id: email
23:45:20.980 [main] INFO  com.tabakshop.utils.MyListener - Before find element ->By.id: email
23:45:21.003 [main] INFO  com.tabakshop.utils.MyListener - After find element ->By.id: email
23:45:21.032 [main] INFO  com.tabakshop.utils.MyListener - Before find element ->By.id: email
23:45:21.049 [main] INFO  com.tabakshop.utils.MyListener - After find element ->By.id: email
23:45:21.108 [main] INFO  com.tabakshop.utils.MyListener - Before find element ->By.id: password
23:45:21.135 [main] INFO  com.tabakshop.utils.MyListener - After find element ->By.id: password
23:45:21.179 [main] INFO  com.tabakshop.utils.MyListener - Before find element ->By.id: password
23:45:21.196 [main] INFO  com.tabakshop.utils.MyListener - After find element ->By.id: password
23:45:21.219 [main] INFO  com.tabakshop.utils.MyListener - Before find element ->By.id: password
23:45:21.234 [main] INFO  com.tabakshop.utils.MyListener - After find element ->By.id: password
23:45:21.270 [main] INFO  com.tabakshop.utils.MyListener - Before find element ->By.id: confirmPassword
23:45:21.291 [main] INFO  com.tabakshop.utils.MyListener - After find element ->By.id: confirmPassword
23:45:21.341 [main] INFO  com.tabakshop.utils.MyListener - Before find element ->By.id: confirmPassword
23:45:21.367 [main] INFO  com.tabakshop.utils.MyListener - After find element ->By.id: confirmPassword
23:45:21.386 [main] INFO  com.tabakshop.utils.MyListener - Before find element ->By.id: confirmPassword
23:45:21.401 [main] INFO  com.tabakshop.utils.MyListener - After find element ->By.id: confirmPassword
23:45:21.452 [main] INFO  com.tabakshop.utils.MyListener - Before find element ->By.xpath: //form/div[4]//input[@type='checkbox']
23:45:21.468 [main] INFO  com.tabakshop.utils.MyListener - After find element ->By.xpath: //form/div[4]//input[@type='checkbox']
23:45:21.497 [main] INFO  com.tabakshop.utils.MyListener - Before find element ->By.xpath: //form/div[5]//input[@type='checkbox']
23:45:21.513 [main] INFO  com.tabakshop.utils.MyListener - After find element ->By.xpath: //form/div[5]//input[@type='checkbox']
23:45:23.556 [main] INFO  com.tabakshop.utils.MyListener - Before find element ->By.xpath: //button[contains(text(), 'Register')]
23:45:23.580 [main] INFO  com.tabakshop.utils.MyListener - After find element ->By.xpath: //button[contains(text(), 'Register')]
23:45:23.629 [main] INFO  com.tabakshop.utils.MyListener - Before find element ->By.xpath: //div[@class='_error_hzh3r_140']
23:45:33.701 [main] INFO  com.tabakshop.utils.MyListener - Something went wrong!!!
23:45:33.701 [main] INFO  com.tabakshop.utils.MyListener - =======================================================================================
23:45:33.701 [main] INFO  com.tabakshop.utils.MyListener - Method--> findElement
23:45:33.701 [main] INFO  com.tabakshop.utils.MyListener - =======================================================================================
23:45:33.702 [main] INFO  com.tabakshop.utils.MyListener - Target exception org.openqa.selenium.NoSuchElementException: no such element: Unable to locate element: {"method":"xpath","selector":"//div[@class='_error_hzh3r_140']"}
  (Session info: chrome=127.0.6533.101)
For documentation on this error, please visit: https://www.selenium.dev/documentation/webdriver/troubleshooting/errors#no-such-element-exception
Build info: version: '4.22.0', revision: 'c5f3146703*'
System info: os.name: 'Windows 10', os.arch: 'amd64', os.version: '10.0', java.version: '11.0.22'
Driver info: org.openqa.selenium.chrome.ChromeDriver
Command: [ad52d16c0fbf014b9df7add5f29070a4, findElement {using=xpath, value=//div[@class='_error_hzh3r_140']}]
Capabilities {acceptInsecureCerts: false, browserName: chrome, browserVersion: 127.0.6533.101, chrome: {chromedriverVersion: 127.0.6533.88 (a2d0cb026721..., userDataDir: C:\Users\IMT-TE~1\AppData\L...}, fedcm:accounts: true, goog:chromeOptions: {debuggerAddress: localhost:50535}, networkConnectionEnabled: false, pageLoadStrategy: normal, platformName: windows, proxy: Proxy(), se:cdp: ws://localhost:50535/devtoo..., se:cdpVersion: 127.0.6533.101, setWindowRect: true, strictFileInteractability: false, timeouts: {implicit: 0, pageLoad: 300000, script: 30000}, unhandledPromptBehavior: dismiss and notify, webauthn:extension:credBlob: true, webauthn:extension:largeBlob: true, webauthn:extension:minPinLength: true, webauthn:extension:prf: true, webauthn:virtualAuthenticators: true}
Session ID: ad52d16c0fbf014b9df7add5f29070a4
23:45:33.703 [main] INFO  com.tabakshop.utils.MyListener - Screenshot with error --> screenshots/screen_1873.png
23:45:34.128 [main] INFO  com.tabakshop.utils.MyListener - Before find element ->By.xpath: //div[@class='_error_hzh3r_140']
23:45:44.183 [main] INFO  com.tabakshop.utils.MyListener - Something went wrong!!!
23:45:44.183 [main] INFO  com.tabakshop.utils.MyListener - =======================================================================================
23:45:44.183 [main] INFO  com.tabakshop.utils.MyListener - Method--> findElement
23:45:44.183 [main] INFO  com.tabakshop.utils.MyListener - =======================================================================================
23:45:44.184 [main] INFO  com.tabakshop.utils.MyListener - Target exception org.openqa.selenium.NoSuchElementException: no such element: Unable to locate element: {"method":"xpath","selector":"//div[@class='_error_hzh3r_140']"}
  (Session info: chrome=127.0.6533.101)
For documentation on this error, please visit: https://www.selenium.dev/documentation/webdriver/troubleshooting/errors#no-such-element-exception
Build info: version: '4.22.0', revision: 'c5f3146703*'
System info: os.name: 'Windows 10', os.arch: 'amd64', os.version: '10.0', java.version: '11.0.22'
Driver info: org.openqa.selenium.chrome.ChromeDriver
Command: [ad52d16c0fbf014b9df7add5f29070a4, findElement {using=xpath, value=//div[@class='_error_hzh3r_140']}]
Capabilities {acceptInsecureCerts: false, browserName: chrome, browserVersion: 127.0.6533.101, chrome: {chromedriverVersion: 127.0.6533.88 (a2d0cb026721..., userDataDir: C:\Users\IMT-TE~1\AppData\L...}, fedcm:accounts: true, goog:chromeOptions: {debuggerAddress: localhost:50535}, networkConnectionEnabled: false, pageLoadStrategy: normal, platformName: windows, proxy: Proxy(), se:cdp: ws://localhost:50535/devtoo..., se:cdpVersion: 127.0.6533.101, setWindowRect: true, strictFileInteractability: false, timeouts: {implicit: 0, pageLoad: 300000, script: 30000}, unhandledPromptBehavior: dismiss and notify, webauthn:extension:credBlob: true, webauthn:extension:largeBlob: true, webauthn:extension:minPinLength: true, webauthn:extension:prf: true, webauthn:virtualAuthenticators: true}
Session ID: ad52d16c0fbf014b9df7add5f29070a4
23:45:44.184 [main] INFO  com.tabakshop.utils.MyListener - Screenshot with error --> screenshots/screen_1801.png
23:45:44.744 [main] ERROR com.tabakshop.tests.TestBase - Test result FAILED negativeRegistrationWithWrongConfirmPassword
23:45:44.744 [main] INFO  com.tabakshop.tests.TestBase - ************************************************************
