11:43:18.273 [main] INFO  org.testng.internal.Utils - [TestNG] Running:
  C:\Users\IMT - Teilnehmer\AppData\Local\JetBrains\IdeaIC2023.3\temp-testng-customsuite.xml

11:43:18.351 [main] INFO  com.tabakshop.tests.TestBase - Start test: negativeRegistrationWithAlreadyRegisteredUsers
11:43:20.496 [main] INFO  com.tabakshop.utils.MyListener - Before navigate to URL --> https://smoke-shop-68y5q.ondigitalocean.app/
11:43:20.816 [main] INFO  com.tabakshop.utils.MyListener - After navigate to URL --> https://smoke-shop-68y5q.ondigitalocean.app/
11:43:20.864 [main] INFO  com.tabakshop.utils.MyListener - Before find element ->By.xpath: //a[@class='_navLink_1ngku_35'][2]
11:43:20.919 [main] INFO  com.tabakshop.utils.MyListener - After find element ->By.xpath: //a[@class='_navLink_1ngku_35'][2]
11:43:20.981 [main] INFO  com.tabakshop.utils.MyListener - Before find element ->By.id: email
11:43:21.012 [main] INFO  com.tabakshop.utils.MyListener - After find element ->By.id: email
11:43:21.071 [main] INFO  com.tabakshop.utils.MyListener - Before find element ->By.id: email
11:43:21.119 [main] INFO  com.tabakshop.utils.MyListener - After find element ->By.id: email
11:43:21.158 [main] INFO  com.tabakshop.utils.MyListener - Before find element ->By.id: email
11:43:21.193 [main] INFO  com.tabakshop.utils.MyListener - After find element ->By.id: email
11:43:21.271 [main] INFO  com.tabakshop.utils.MyListener - Before find element ->By.id: password
11:43:21.289 [main] INFO  com.tabakshop.utils.MyListener - After find element ->By.id: password
11:43:21.319 [main] INFO  com.tabakshop.utils.MyListener - Before find element ->By.id: password
11:43:21.337 [main] INFO  com.tabakshop.utils.MyListener - After find element ->By.id: password
11:43:21.356 [main] INFO  com.tabakshop.utils.MyListener - Before find element ->By.id: password
11:43:21.370 [main] INFO  com.tabakshop.utils.MyListener - After find element ->By.id: password
11:43:21.406 [main] INFO  com.tabakshop.utils.MyListener - Before find element ->By.id: confirmPassword
11:43:21.426 [main] INFO  com.tabakshop.utils.MyListener - After find element ->By.id: confirmPassword
11:43:21.463 [main] INFO  com.tabakshop.utils.MyListener - Before find element ->By.id: confirmPassword
11:43:21.491 [main] INFO  com.tabakshop.utils.MyListener - After find element ->By.id: confirmPassword
11:43:21.524 [main] INFO  com.tabakshop.utils.MyListener - Before find element ->By.id: confirmPassword
11:43:21.540 [main] INFO  com.tabakshop.utils.MyListener - After find element ->By.id: confirmPassword
11:43:21.618 [main] INFO  com.tabakshop.utils.MyListener - Before find element ->By.xpath: //form/div[4]//input[@type='checkbox']
11:43:21.640 [main] INFO  com.tabakshop.utils.MyListener - After find element ->By.xpath: //form/div[4]//input[@type='checkbox']
11:43:21.674 [main] INFO  com.tabakshop.utils.MyListener - Before find element ->By.xpath: //form/div[5]//input[@type='checkbox']
11:43:21.691 [main] INFO  com.tabakshop.utils.MyListener - After find element ->By.xpath: //form/div[5]//input[@type='checkbox']
11:43:23.740 [main] INFO  com.tabakshop.utils.MyListener - Before find element ->By.xpath: //button[contains(text(), 'Register')]
11:43:23.762 [main] INFO  com.tabakshop.utils.MyListener - After find element ->By.xpath: //button[contains(text(), 'Register')]
11:43:23.804 [main] INFO  com.tabakshop.utils.MyListener - Before find element ->By.xpath: //div[contains(text(),'Password must be in a valid format.')]
11:43:33.829 [main] INFO  com.tabakshop.utils.MyListener - Something went wrong!!!
11:43:33.829 [main] INFO  com.tabakshop.utils.MyListener - =======================================================================================
11:43:33.829 [main] INFO  com.tabakshop.utils.MyListener - Method--> findElement
11:43:33.829 [main] INFO  com.tabakshop.utils.MyListener - =======================================================================================
11:43:33.831 [main] INFO  com.tabakshop.utils.MyListener - Target exception org.openqa.selenium.NoSuchElementException: no such element: Unable to locate element: {"method":"xpath","selector":"//div[contains(text(),'Password must be in a valid format.')]"}
  (Session info: chrome=127.0.6533.101)
For documentation on this error, please visit: https://www.selenium.dev/documentation/webdriver/troubleshooting/errors#no-such-element-exception
Build info: version: '4.22.0', revision: 'c5f3146703*'
System info: os.name: 'Windows 10', os.arch: 'amd64', os.version: '10.0', java.version: '11.0.22'
Driver info: org.openqa.selenium.chrome.ChromeDriver
Command: [656e024aba3852d4367d177bf90ce0c9, findElement {using=xpath, value=//div[contains(text(),'Password must be in a valid format.')]}]
Capabilities {acceptInsecureCerts: false, browserName: chrome, browserVersion: 127.0.6533.101, chrome: {chromedriverVersion: 127.0.6533.88 (a2d0cb026721..., userDataDir: C:\Users\IMT-TE~1\AppData\L...}, fedcm:accounts: true, goog:chromeOptions: {debuggerAddress: localhost:61719}, networkConnectionEnabled: false, pageLoadStrategy: normal, platformName: windows, proxy: Proxy(), se:cdp: ws://localhost:61719/devtoo..., se:cdpVersion: 127.0.6533.101, setWindowRect: true, strictFileInteractability: false, timeouts: {implicit: 0, pageLoad: 300000, script: 30000}, unhandledPromptBehavior: dismiss and notify, webauthn:extension:credBlob: true, webauthn:extension:largeBlob: true, webauthn:extension:minPinLength: true, webauthn:extension:prf: true, webauthn:virtualAuthenticators: true}
Session ID: 656e024aba3852d4367d177bf90ce0c9
11:43:33.831 [main] INFO  com.tabakshop.utils.MyListener - Screenshot with error --> screenshots/screen_1426.png
11:43:34.235 [main] INFO  com.tabakshop.utils.MyListener - Before find element ->By.xpath: //div[contains(text(),'Password must be in a valid format.')]
11:43:44.729 [main] INFO  com.tabakshop.utils.MyListener - Something went wrong!!!
11:43:44.730 [main] INFO  com.tabakshop.utils.MyListener - =======================================================================================
11:43:44.730 [main] INFO  com.tabakshop.utils.MyListener - Method--> findElement
11:43:44.731 [main] INFO  com.tabakshop.utils.MyListener - =======================================================================================
11:43:44.731 [main] INFO  com.tabakshop.utils.MyListener - Target exception org.openqa.selenium.NoSuchElementException: no such element: Unable to locate element: {"method":"xpath","selector":"//div[contains(text(),'Password must be in a valid format.')]"}
  (Session info: chrome=127.0.6533.101)
For documentation on this error, please visit: https://www.selenium.dev/documentation/webdriver/troubleshooting/errors#no-such-element-exception
Build info: version: '4.22.0', revision: 'c5f3146703*'
System info: os.name: 'Windows 10', os.arch: 'amd64', os.version: '10.0', java.version: '11.0.22'
Driver info: org.openqa.selenium.chrome.ChromeDriver
Command: [656e024aba3852d4367d177bf90ce0c9, findElement {using=xpath, value=//div[contains(text(),'Password must be in a valid format.')]}]
Capabilities {acceptInsecureCerts: false, browserName: chrome, browserVersion: 127.0.6533.101, chrome: {chromedriverVersion: 127.0.6533.88 (a2d0cb026721..., userDataDir: C:\Users\IMT-TE~1\AppData\L...}, fedcm:accounts: true, goog:chromeOptions: {debuggerAddress: localhost:61719}, networkConnectionEnabled: false, pageLoadStrategy: normal, platformName: windows, proxy: Proxy(), se:cdp: ws://localhost:61719/devtoo..., se:cdpVersion: 127.0.6533.101, setWindowRect: true, strictFileInteractability: false, timeouts: {implicit: 0, pageLoad: 300000, script: 30000}, unhandledPromptBehavior: dismiss and notify, webauthn:extension:credBlob: true, webauthn:extension:largeBlob: true, webauthn:extension:minPinLength: true, webauthn:extension:prf: true, webauthn:virtualAuthenticators: true}
Session ID: 656e024aba3852d4367d177bf90ce0c9
11:43:44.732 [main] INFO  com.tabakshop.utils.MyListener - Screenshot with error --> screenshots/screen_1467.png
11:43:45.302 [main] ERROR com.tabakshop.tests.TestBase - Test result FAILED negativeRegistrationWithAlreadyRegisteredUsers
11:43:45.302 [main] INFO  com.tabakshop.tests.TestBase - ************************************************************
